
> react-typescript-starter@0.1.0 test
> react-scripts test "--coverage"

PASS src/Tests/App.test.tsx (11.91 s)
PASS src/Tests/ExportCSV.test.tsx
PASS src/Tests/WelcomeModal.test.tsx
------------------------|---------|----------|---------|---------|-------------------
File                    | % Stmts | % Branch | % Funcs | % Lines | Uncovered Line #s 
------------------------|---------|----------|---------|---------|-------------------
All files               |    31.9 |    14.51 |   29.92 |   31.19 |                   
 src                    |   63.15 |        0 |   41.66 |   67.44 |                   
  App.tsx               |   63.15 |        0 |   41.66 |   67.44 | 63-92             
 src/Components         |   26.26 |    15.51 |   27.43 |      26 |                   
  AddCourse.tsx         |    9.67 |        0 |      20 |    9.67 | 30-79,97          
  AddCourseHelp.tsx     |       0 |      100 |       0 |       0 | 13-18             
  AddPlan.tsx           |      25 |      100 |   33.33 |      25 | 21-29,46          
  AddSemester.tsx       |      50 |        0 |      40 |      50 | 24-39,43,76       
  ChangePlan.tsx        |      30 |      100 |   33.33 |      30 | 20-31             
  ChangeSemester.tsx    |       0 |        0 |       0 |       0 | 25-85             
  ClearPlan.tsx         |   11.11 |      100 |      25 |   11.11 | 22-32             
  ClearSemester.tsx     |   33.33 |      100 |      50 |   33.33 | 18-19             
  DefaultCourse.tsx     |       0 |      100 |       0 |       0 | 7-18              
  DeleteCourse.tsx      |       0 |        0 |       0 |       0 | 20-29             
  DeletePlan.tsx        |    7.69 |        0 |      25 |    7.69 | 22-42             
  DisplayCoursePool.tsx |   86.66 |      100 |    87.5 |   84.61 | 23-24             
  DisplayCourses.tsx    |   33.84 |    42.85 |   10.52 |   36.66 | 46-106            
  EditPlan.tsx          |   16.66 |      100 |      20 |   16.66 | 22-33,50          
  ExportCSV.tsx         |   33.33 |      100 |   33.33 |   27.77 | 19-35,52          
  RequirementView.tsx   |   83.33 |      100 |   66.66 |   83.33 | 23                
  SemesterEditor.tsx    |       0 |        0 |       0 |       0 | 30-138            
  SemesterList.tsx      |     100 |      100 |     100 |     100 |                   
  SemesterView.tsx      |   66.66 |       50 |    37.5 |    90.9 | 42                
  WelcomeModal.tsx      |   83.33 |      100 |   66.66 |     100 |                   
 src/Interfaces         |       0 |        0 |       0 |       0 |                   
  coursepool.ts         |       0 |        0 |       0 |       0 |                   
  courses.ts            |       0 |        0 |       0 |       0 |                   
  plans.ts              |       0 |        0 |       0 |       0 |                   
  requirements.ts       |       0 |        0 |       0 |       0 |                   
  semester.ts           |       0 |        0 |       0 |       0 |                   
------------------------|---------|----------|---------|---------|-------------------

Test Suites: 3 passed, 3 total
Tests:       12 passed, 12 total
Snapshots:   0 total
Time:        14.165 s
Ran all test suites.
